\BOOKMARK [0][-]{chapter.1}{绪 论}{}% 1
\BOOKMARK [1][-]{section.1.1}{研究背景}{chapter.1}% 2
\BOOKMARK [1][-]{section.1.2}{隐私保护研究现状}{chapter.1}% 3
\BOOKMARK [1][-]{section.1.3}{本文工作与主要贡献}{chapter.1}% 4
\BOOKMARK [1][-]{section.1.4}{组织结构}{chapter.1}% 5
\BOOKMARK [0][-]{chapter.2}{位置隐私保护技术}{}% 6
\BOOKMARK [1][-]{section.2.1}{LBS应用模式}{chapter.2}% 7
\BOOKMARK [2][-]{subsection.2.1.1}{用户提问-服务器应答}{section.2.1}% 8
\BOOKMARK [2][-]{subsection.2.1.2}{服务器提问-用户应答}{section.2.1}% 9
\BOOKMARK [1][-]{section.2.2}{隐私保护系统结构}{chapter.2}% 10
\BOOKMARK [2][-]{subsection.2.2.1}{独立式结构}{section.2.2}% 11
\BOOKMARK [2][-]{subsection.2.2.2}{分布式点对点结构}{section.2.2}% 12
\BOOKMARK [2][-]{subsection.2.2.3}{中心服务器结构}{section.2.2}% 13
\BOOKMARK [1][-]{section.2.3}{隐私保护技术}{chapter.2}% 14
\BOOKMARK [2][-]{subsection.2.3.1}{假名技术}{section.2.3}% 15
\BOOKMARK [2][-]{subsection.2.3.2}{假位置技术}{section.2.3}% 16
\BOOKMARK [2][-]{subsection.2.3.3}{区域覆盖技术}{section.2.3}% 17
\BOOKMARK [2][-]{subsection.2.3.4}{基于密码学的隐私保护技术}{section.2.3}% 18
\BOOKMARK [1][-]{section.2.4}{本章小结}{chapter.2}% 19
\BOOKMARK [0][-]{section*.23}{参考文献}{}% 20
